{
  "RSpec": {
    "coverage": {
      "/Users/sunaliseth/Projects/FakersBnB/spec/features/add_listing_spec.rb": [
        1,
        1,
        1,
        1,
        1,
        1,
        1,
        1,
        1,
        1,
        1,
        1,
        1,
        1,
        1,
        1,
        null,
        null,
        null
      ],
      "/Users/sunaliseth/Projects/FakersBnB/spec/features/features_spec.rb": [
        null,
        null,
        null,
        null,
        1,
        1,
        1,
        1,
        1,
        null,
        null
      ],
      "/Users/sunaliseth/Projects/FakersBnB/spec/features/user_management_spec.rb": [
        1,
        1,
        2,
        1,
        null,
        null
      ],
      "/Users/sunaliseth/Projects/FakersBnB/spec/models/user_spec.rb": [
        1,
        null,
        1,
        3,
        null,
        null,
        null,
        1,
        1,
        1,
        null,
        null,
        1,
        1,
        null,
        null,
        1,
        null,
        null,
        null,
        null,
        null,
        null,
        null,
        1,
        1,
        null,
        null,
        1,
        null,
        1,
        1,
        1,
        null,
        null,
        null,
        null,
        null
      ]
    },
    "timestamp": 1507284430
  }
}
